This is pdfTeX, Version 3.141592653-2.6-1.40.22 (TeX Live 2022/dev/Debian) (preloaded format=pdflatex 2026.6.9)  9 JUL 2026 09:46
entering extended mode
 restricted \write18 enabled.
 %&-line parsing enabled.
**main.tex
(./main.tex
LaTeX2e <2021-11-15> patch level 1
L3 programming layer <2022-01-21> (/tmp/texshim/elsarticle.cls
Document Class: elsarticle 2026/01/01 sandbox shim
(/usr/share/texlive/texmf-dist/tex/latex/base/article.cls
Document Class: article 2021/10/04 v1.4n Standard LaTeX document class
(/usr/share/texlive/texmf-dist/tex/latex/base/size10.clo
File: size10.clo 2021/10/04 v1.4n Standard LaTeX file (size option)
)
\c@part=\count185
\c@section=\count186
\c@subsection=\count187
\c@subsubsection=\count188
\c@paragraph=\count189
\c@subparagraph=\count190
\c@figure=\count191
\c@table=\count192
\abovecaptionskip=\skip47
\belowcaptionskip=\skip48
\bibindent=\dimen138
))
(/usr/share/texlive/texmf-dist/tex/latex/base/fontenc.sty
Package: fontenc 2021/04/29 v2.0v Standard LaTeX package
)
(/usr/share/texlive/texmf-dist/tex/latex/base/inputenc.sty
Package: inputenc 2021/02/14 v1.3d Input encoding file
\inpenc@prehook=\toks16
\inpenc@posthook=\toks17
)
(/usr/share/texlive/texmf-dist/tex/latex/amsmath/amsmath.sty
Package: amsmath 2021/10/15 v2.17l AMS math features
\@mathmargin=\skip49

For additional information on amsmath, use the `?' option.
(/usr/share/texlive/texmf-dist/tex/latex/amsmath/amstext.sty
Package: amstext 2021/08/26 v2.01 AMS text

(/usr/share/texlive/texmf-dist/tex/latex/amsmath/amsgen.sty
File: amsgen.sty 1999/11/30 v2.0 generic functions
\@emptytoks=\toks18
\ex@=\dimen139
))
(/usr/share/texlive/texmf-dist/tex/latex/amsmath/amsbsy.sty
Package: amsbsy 1999/11/29 v1.2d Bold Symbols
\pmbraise@=\dimen140
)
(/usr/share/texlive/texmf-dist/tex/latex/amsmath/amsopn.sty
Package: amsopn 2021/08/26 v2.02 operator names
)
\inf@bad=\count193
LaTeX Info: Redefining \frac on input line 234.
\uproot@=\count194
\leftroot@=\count195
LaTeX Info: Redefining \overline on input line 399.
\classnum@=\count196
\DOTSCASE@=\count197
LaTeX Info: Redefining \ldots on input line 496.
LaTeX Info: Redefining \dots on input line 499.
LaTeX Info: Redefining \cdots on input line 620.
\Mathstrutbox@=\box50
\strutbox@=\box51
\big@size=\dimen141
LaTeX Font Info:    Redeclaring font encoding OML on input line 743.
LaTeX Font Info:    Redeclaring font encoding OMS on input line 744.
\macc@depth=\count198
\c@MaxMatrixCols=\count199
\dotsspace@=\muskip16
\c@parentequation=\count266
\dspbrk@lvl=\count267
\tag@help=\toks19
\row@=\count268
\column@=\count269
\maxfields@=\count270
\andhelp@=\toks20
\eqnshift@=\dimen142
\alignsep@=\dimen143
\tagshift@=\dimen144
\tagwidth@=\dimen145
\totwidth@=\dimen146
\lineht@=\dimen147
\@envbody=\toks21
\multlinegap=\skip50
\multlinetaggap=\skip51
\mathdisplay@stack=\toks22
LaTeX Info: Redefining \[ on input line 2938.
LaTeX Info: Redefining \] on input line 2939.
)
(/usr/share/texlive/texmf-dist/tex/latex/amsfonts/amssymb.sty
Package: amssymb 2013/01/14 v3.01 AMS font symbols

(/usr/share/texlive/texmf-dist/tex/latex/amsfonts/amsfonts.sty
Package: amsfonts 2013/01/14 v3.01 Basic AMSFonts support
\symAMSa=\mathgroup4
\symAMSb=\mathgroup5
LaTeX Font Info:    Redeclaring math symbol \hbar on input line 98.
LaTeX Font Info:    Overwriting math alphabet `\mathfrak' in version `bold'
(Font)                  U/euf/m/n --> U/euf/b/n on input line 106.
))
(/usr/share/texlive/texmf-dist/tex/latex/graphics/graphicx.sty
Package: graphicx 2021/09/16 v1.2d Enhanced LaTeX Graphics (DPC,SPQR)

(/usr/share/texlive/texmf-dist/tex/latex/graphics/keyval.sty
Package: keyval 2014/10/28 v1.15 key=value parser (DPC)
\KV@toks@=\toks23
)
(/usr/share/texlive/texmf-dist/tex/latex/graphics/graphics.sty
Package: graphics 2021/03/04 v1.4d Standard LaTeX Graphics (DPC,SPQR)

(/usr/share/texlive/texmf-dist/tex/latex/graphics/trig.sty
Package: trig 2021/08/11 v1.11 sin cos tan (DPC)
)
(/usr/share/texlive/texmf-dist/tex/latex/graphics-cfg/graphics.cfg
File: graphics.cfg 2016/06/04 v1.11 sample graphics configuration
)
Package graphics Info: Driver file: pdftex.def on input line 107.

(/usr/share/texlive/texmf-dist/tex/latex/graphics-def/pdftex.def
File: pdftex.def 2020/10/05 v1.2a Graphics/color driver for pdftex
))
\Gin@req@height=\dimen148
\Gin@req@width=\dimen149
)
(/usr/share/texlive/texmf-dist/tex/latex/booktabs/booktabs.sty
Package: booktabs 2020/01/12 v1.61803398 Publication quality tables
\heavyrulewidth=\dimen150
\lightrulewidth=\dimen151
\cmidrulewidth=\dimen152
\belowrulesep=\dimen153
\belowbottomsep=\dimen154
\aboverulesep=\dimen155
\abovetopsep=\dimen156
\cmidrulesep=\dimen157
\cmidrulekern=\dimen158
\defaultaddspace=\dimen159
\@cmidla=\count271
\@cmidlb=\count272
\@aboverulesep=\dimen160
\@belowrulesep=\dimen161
\@thisruleclass=\count273
\@lastruleclass=\count274
\@thisrulewidth=\dimen162
)
(/tmp/texshim/siunitx.sty
Package: siunitx 2026/01/01 shim
)
(/usr/share/texlive/texmf-dist/tex/latex/xcolor/xcolor.sty
Package: xcolor 2021/10/31 v2.13 LaTeX color extensions (UK)

(/usr/share/texlive/texmf-dist/tex/latex/graphics-cfg/color.cfg
File: color.cfg 2016/01/02 v1.6 sample color configuration
)
Package xcolor Info: Driver file: pdftex.def on input line 227.
Package xcolor Info: Model `cmy' substituted by `cmy0' on input line 1352.
Package xcolor Info: Model `hsb' substituted by `rgb' on input line 1356.
Package xcolor Info: Model `RGB' extended on input line 1368.
Package xcolor Info: Model `HTML' substituted by `rgb' on input line 1370.
Package xcolor Info: Model `Hsb' substituted by `hsb' on input line 1371.
Package xcolor Info: Model `tHsb' substituted by `hsb' on input line 1372.
Package xcolor Info: Model `HSB' substituted by `hsb' on input line 1373.
Package xcolor Info: Model `Gray' substituted by `gray' on input line 1374.
Package xcolor Info: Model `wave' substituted by `hsb' on input line 1375.
)
(/tmp/texshim/microtype.sty
Package: microtype 2026/01/01 shim
)
(/usr/share/texlive/texmf-dist/tex/latex/hyperref/hyperref.sty
Package: hyperref 2021-06-07 v7.00m Hypertext links for LaTeX

(/usr/share/texlive/texmf-dist/tex/generic/ltxcmds/ltxcmds.sty
Package: ltxcmds 2020-05-10 v1.25 LaTeX kernel commands for general use (HO)
)
(/usr/share/texlive/texmf-dist/tex/generic/iftex/iftex.sty
Package: iftex 2020/03/06 v1.0d TeX engine tests
)
(/usr/share/texlive/texmf-dist/tex/generic/pdftexcmds/pdftexcmds.sty
Package: pdftexcmds 2020-06-27 v0.33 Utility functions of pdfTeX for LuaTeX (HO
)

(/usr/share/texlive/texmf-dist/tex/generic/infwarerr/infwarerr.sty
Package: infwarerr 2019/12/03 v1.5 Providing info/warning/error messages (HO)
)
Package pdftexcmds Info: \pdf@primitive is available.
Package pdftexcmds Info: \pdf@ifprimitive is available.
Package pdftexcmds Info: \pdfdraftmode found.
)
(/usr/share/texlive/texmf-dist/tex/generic/kvsetkeys/kvsetkeys.sty
Package: kvsetkeys 2019/12/15 v1.18 Key value parser (HO)
)
(/usr/share/texlive/texmf-dist/tex/generic/kvdefinekeys/kvdefinekeys.sty
Package: kvdefinekeys 2019-12-19 v1.6 Define keys (HO)
)
(/usr/share/texlive/texmf-dist/tex/generic/pdfescape/pdfescape.sty
Package: pdfescape 2019/12/09 v1.15 Implements pdfTeX's escape features (HO)
)
(/usr/share/texlive/texmf-dist/tex/latex/hycolor/hycolor.sty
Package: hycolor 2020-01-27 v1.10 Color options for hyperref/bookmark (HO)
)
(/usr/share/texlive/texmf-dist/tex/latex/letltxmacro/letltxmacro.sty
Package: letltxmacro 2019/12/03 v1.6 Let assignment for LaTeX macros (HO)
)
(/usr/share/texlive/texmf-dist/tex/latex/auxhook/auxhook.sty
Package: auxhook 2019-12-17 v1.6 Hooks for auxiliary files (HO)
)
(/usr/share/texlive/texmf-dist/tex/latex/kvoptions/kvoptions.sty
Package: kvoptions 2020-10-07 v3.14 Key value format for package options (HO)
)
\@linkdim=\dimen163
\Hy@linkcounter=\count275
\Hy@pagecounter=\count276

(/usr/share/texlive/texmf-dist/tex/latex/hyperref/pd1enc.def
File: pd1enc.def 2021-06-07 v7.00m Hyperref: PDFDocEncoding definition (HO)
Now handling font encoding PD1 ...
... no UTF-8 mapping file for font encoding PD1
)
(/usr/share/texlive/texmf-dist/tex/latex/hyperref/hyperref-langpatches.def
File: hyperref-langpatches.def 2021-06-07 v7.00m Hyperref: patches for babel la
nguages
)
(/usr/share/texlive/texmf-dist/tex/generic/intcalc/intcalc.sty
Package: intcalc 2019/12/15 v1.3 Expandable calculations with integers (HO)
)
(/usr/share/texlive/texmf-dist/tex/generic/etexcmds/etexcmds.sty
Package: etexcmds 2019/12/15 v1.7 Avoid name clashes with e-TeX commands (HO)
)
\Hy@SavedSpaceFactor=\count277

(/usr/share/texlive/texmf-dist/tex/latex/hyperref/puenc.def
File: puenc.def 2021-06-07 v7.00m Hyperref: PDF Unicode definition (HO)
Now handling font encoding PU ...
... no UTF-8 mapping file for font encoding PU
)
Package hyperref Info: Hyper figures OFF on input line 4192.
Package hyperref Info: Link nesting OFF on input line 4197.
Package hyperref Info: Hyper index ON on input line 4200.
Package hyperref Info: Plain pages OFF on input line 4207.
Package hyperref Info: Backreferencing OFF on input line 4212.
Package hyperref Info: Implicit mode ON; LaTeX internals redefined.
Package hyperref Info: Bookmarks ON on input line 4445.
\c@Hy@tempcnt=\count278

(/usr/share/texlive/texmf-dist/tex/latex/url/url.sty
\Urlmuskip=\muskip17
Package: url 2013/09/16  ver 3.4  Verb mode for urls, etc.
)
LaTeX Info: Redefining \url on input line 4804.
\XeTeXLinkMargin=\dimen164

(/usr/share/texlive/texmf-dist/tex/generic/bitset/bitset.sty
Package: bitset 2019/12/09 v1.3 Handle bit-vector datatype (HO)

(/usr/share/texlive/texmf-dist/tex/generic/bigintcalc/bigintcalc.sty
Package: bigintcalc 2019/12/15 v1.5 Expandable calculations on big integers (HO
)
))
\Fld@menulength=\count279
\Field@Width=\dimen165
\Fld@charsize=\dimen166
Package hyperref Info: Hyper figures OFF on input line 6076.
Package hyperref Info: Link nesting OFF on input line 6081.
Package hyperref Info: Hyper index ON on input line 6084.
Package hyperref Info: backreferencing OFF on input line 6091.
Package hyperref Info: Link coloring OFF on input line 6096.
Package hyperref Info: Link coloring with OCG OFF on input line 6101.
Package hyperref Info: PDF/A mode OFF on input line 6106.
LaTeX Info: Redefining \ref on input line 6146.
LaTeX Info: Redefining \pageref on input line 6150.

(/usr/share/texlive/texmf-dist/tex/latex/base/atbegshi-ltx.sty
Package: atbegshi-ltx 2021/01/10 v1.0c Emulation of the original atbegshi
package with kernel methods
)
\Hy@abspage=\count280
\c@Item=\count281
\c@Hfootnote=\count282
)
Package hyperref Info: Driver (autodetected): hpdftex.

(/usr/share/texlive/texmf-dist/tex/latex/hyperref/hpdftex.def
File: hpdftex.def 2021-06-07 v7.00m Hyperref driver for pdfTeX

(/usr/share/texlive/texmf-dist/tex/latex/base/atveryend-ltx.sty
Package: atveryend-ltx 2020/08/19 v1.0a Emulation of the original atveryend pac
kage
with kernel methods
)
\Fld@listcount=\count283
\c@bookmark@seq@number=\count284

(/usr/share/texlive/texmf-dist/tex/latex/rerunfilecheck/rerunfilecheck.sty
Package: rerunfilecheck 2019/12/05 v1.9 Rerun checks for auxiliary files (HO)

(/usr/share/texlive/texmf-dist/tex/generic/uniquecounter/uniquecounter.sty
Package: uniquecounter 2019/12/15 v1.4 Provide unlimited unique counter (HO)
)
Package uniquecounter Info: New unique counter `rerunfilecheck' on input line 2
86.
)
\Hy@SectionHShift=\skip52
)
(/usr/share/texlive/texmf-dist/tex/latex/multirow/multirow.sty
Package: multirow 2021/03/15 v2.8 Span multiple rows of a table
\multirow@colwidth=\skip53
\multirow@cntb=\count285
\multirow@dima=\skip54
\bigstrutjot=\dimen167
)
(/usr/share/texlive/texmf-dist/tex/latex/tools/array.sty
Package: array 2021/10/04 v2.5f Tabular extension package (FMi)
\col@sep=\dimen168
\ar@mcellbox=\box52
\extrarowheight=\dimen169
\NC@list=\toks24
\extratabsurround=\skip55
\backup@length=\skip56
\ar@cellbox=\box53
)
(/usr/share/texlive/texmf-dist/tex/latex/tools/tabularx.sty
Package: tabularx 2020/01/15 v2.11c `tabularx' package (DPC)
\TX@col@width=\dimen170
\TX@old@table=\dimen171
\TX@old@col=\dimen172
\TX@target=\dimen173
\TX@delta=\dimen174
\TX@cols=\count286
\TX@ftn=\toks25
)
(/usr/share/texlive/texmf-dist/tex/latex/l3backend/l3backend-pdftex.def
File: l3backend-pdftex.def 2022-01-12 L3 backend support: PDF output (pdfTeX)
\l__color_backend_stack_int=\count287
\l__pdf_internal_box=\box54
)
(./main.aux)
\openout1 = `main.aux'.

LaTeX Font Info:    Checking defaults for OML/cmm/m/it on input line 29.
LaTeX Font Info:    ... okay on input line 29.
LaTeX Font Info:    Checking defaults for OMS/cmsy/m/n on input line 29.
LaTeX Font Info:    ... okay on input line 29.
LaTeX Font Info:    Checking defaults for OT1/cmr/m/n on input line 29.
LaTeX Font Info:    ... okay on input line 29.
LaTeX Font Info:    Checking defaults for T1/cmr/m/n on input line 29.
LaTeX Font Info:    ... okay on input line 29.
LaTeX Font Info:    Checking defaults for TS1/cmr/m/n on input line 29.
LaTeX Font Info:    ... okay on input line 29.
LaTeX Font Info:    Checking defaults for OMX/cmex/m/n on input line 29.
LaTeX Font Info:    ... okay on input line 29.
LaTeX Font Info:    Checking defaults for U/cmr/m/n on input line 29.
LaTeX Font Info:    ... okay on input line 29.
LaTeX Font Info:    Checking defaults for PD1/pdf/m/n on input line 29.
LaTeX Font Info:    ... okay on input line 29.
LaTeX Font Info:    Checking defaults for PU/pdf/m/n on input line 29.
LaTeX Font Info:    ... okay on input line 29.
 (/usr/share/texlive/texmf-dist/tex/context/base/mkii/supp-pdf.mkii
[Loading MPS to PDF converter (version 2006.09.02).]
\scratchcounter=\count288
\scratchdimen=\dimen175
\scratchbox=\box55
\nofMPsegments=\count289
\nofMParguments=\count290
\everyMPshowfont=\toks26
\MPscratchCnt=\count291
\MPscratchDim=\dimen176
\MPnumerator=\count292
\makeMPintoPDFobject=\count293
\everyMPtoPDFconversion=\toks27
) (/usr/share/texlive/texmf-dist/tex/latex/epstopdf-pkg/epstopdf-base.sty
Package: epstopdf-base 2020-01-24 v2.11 Base part for package epstopdf
Package epstopdf-base Info: Redefining graphics rule for `.eps' on input line 4
85.

(/usr/share/texlive/texmf-dist/tex/latex/latexconfig/epstopdf-sys.cfg
File: epstopdf-sys.cfg 2010/07/13 v1.3 Configuration of (r)epstopdf for TeX Liv
e
))
Package hyperref Info: Link coloring OFF on input line 29.

(/usr/share/texlive/texmf-dist/tex/latex/hyperref/nameref.sty
Package: nameref 2021-04-02 v2.47 Cross-referencing by name of section

(/usr/share/texlive/texmf-dist/tex/latex/refcount/refcount.sty
Package: refcount 2019/12/15 v3.6 Data extraction from label references (HO)
)
(/usr/share/texlive/texmf-dist/tex/generic/gettitlestring/gettitlestring.sty
Package: gettitlestring 2019/12/15 v1.6 Cleanup title references (HO)
)
\c@section@level=\count294
)
LaTeX Info: Redefining \ref on input line 29.
LaTeX Info: Redefining \pageref on input line 29.
LaTeX Info: Redefining \nameref on input line 29.

(./main.out) (./main.out)
\@outlinefile=\write3
\openout3 = `main.out'.

LaTeX Font Info:    Trying to load font information for U+msa on input line 51.


(/usr/share/texlive/texmf-dist/tex/latex/amsfonts/umsa.fd
File: umsa.fd 2013/01/14 v3.01 AMS symbols A
)
LaTeX Font Info:    Trying to load font information for U+msb on input line 51.


(/usr/share/texlive/texmf-dist/tex/latex/amsfonts/umsb.fd
File: umsb.fd 2013/01/14 v3.01 AMS symbols B
) [1

{/var/lib/texmf/fonts/map/pdftex/updmap/pdftex.map}

]
Overfull \hbox (142.03113pt too wide) in paragraph at lines 58--58
 [][] 
 []


Underfull \vbox (badness 1242) has occurred while \output is active []


Underfull \hbox (badness 1067) in paragraph at lines 75--83
\T1/cmr/m/n/10 stan-tially ex-ceed pure-FCC values---e.g., $\OML/cmm/m/it/10 k[
] \OMS/cmsy/m/n/10 ^^Y
 []


Underfull \hbox (badness 2418) in paragraph at lines 75--83
\T1/cmr/m/n/10 from source-limited ar-gu-ments [[]], $\OML/cmm/m/it/10 d[]$ \T1
/cmr/m/n/10 [[]],
 []


Underfull \hbox (badness 1231) in paragraph at lines 75--83
\T1/cmr/m/n/10 CoCrNi shows a more mod-er-ate slope ($\OML/cmm/m/it/10 k[] \OMS
/cmsy/m/n/10 ^^Y
 []


Underfull \vbox (badness 1087) has occurred while \output is active []

 [2

]
Underfull \hbox (badness 3250) in paragraph at lines 105--106
[]\T1/cmr/m/n/10 A best-practices framework---feature lad-der,
 []


Underfull \hbox (badness 10000) in paragraph at lines 105--106
\T1/cmr/m/n/10 descriptor-redundancy au-dit, three-protocol
 []

[3]
Underfull \hbox (badness 10000) in paragraph at lines 109--110
[]\T1/cmr/m/n/10 A deployment-aware model-selection ta-ble
 []


Underfull \hbox (badness 1320) in paragraph at lines 109--110
\T1/cmr/m/n/10 421 $[]$) while a bounded vari-ant is safe
 []

<figures//fig00_framework_overview.png, id=228, 751.608pt x 381.5856pt>
File: figures//fig00_framework_overview.png Graphic file (type png)
<use figures//fig00_framework_overview.png>
Package pdftex.def Info: figures//fig00_framework_overview.png  used on input l
ine 120.
(pdftex.def)             Requested size: 469.0pt x 238.10611pt.
[4]
Underfull \vbox (badness 10000) has occurred while \output is active []



LaTeX Warning: Reference `sec:tier4' on page 5 undefined on input line 188.


LaTeX Warning: Reference `sec:tier4' on page 5 undefined on input line 188.


Underfull \hbox (badness 1019) in paragraph at lines 188--188
[]\T1/cmr/m/n/10 Table 2: []The cu-mu-la-tive S1--S5 fea-ture lad-der.
 []


Underfull \hbox (badness 2698) in paragraph at lines 197--198
[]|\T1/cmr/m/n/8 S1 $\OT1/cmr/m/n/8 +$ \T1/cmr/m/n/8 cu-rated Wen de-scrip-tors
:
 []


Underfull \hbox (badness 10000) in paragraph at lines 208--213
\T1/cmr/m/it/10 (a) Clas-si-cal and al-ter-na-tive grain-size scal-
 []


Underfull \hbox (badness 10000) in paragraph at lines 208--213
\T1/cmr/m/it/10 ing laws. \T1/cmr/m/n/10 Us-ing grain size and $[][]$
 []


Underfull \hbox (badness 6708) in paragraph at lines 208--213
\T1/cmr/m/n/10 only, we com-pare nine scal-ing laws of the
 []


Underfull \hbox (badness 4954) in paragraph at lines 208--213
\T1/cmr/m/n/10 form $\OML/cmm/m/it/10 ^^[[] \OT1/cmr/m/n/10 = \OML/cmm/m/it/10 
^^[[] \OT1/cmr/m/n/10 + [][] \OML/cmm/m/it/10 k[]f[]\OT1/cmr/m/n/10 (\OML/cmm/m
/it/10 d\OT1/cmr/m/n/10 )$ \T1/cmr/m/n/10 with $\OML/cmm/m/it/10 f\OT1/cmr/m/n/
10 (\OML/cmm/m/it/10 d\OT1/cmr/m/n/10 ) \OMS/cmsy/m/n/10 2
 []


Overfull \hbox (83.22855pt too wide) in paragraph at lines 208--213
\OMS/cmsy/m/n/10 f\OML/cmm/m/it/10 d[]; d[]; d[]; d[]; []\OT1/cmr/m/n/10 (\OML/
cmm/m/it/10 d\OT1/cmr/m/n/10 )\OML/cmm/m/it/10 =d; [] d; d[][]d[]; d[][]d[]; d[
]\OMS/cmsy/m/n/10 g$ \T1/cmr/m/n/10 [[],
 []


Underfull \hbox (badness 1424) in paragraph at lines 208--213
\T1/cmr/m/n/10 in-ter-preted through the Burnham--Anderson and
 []


Underfull \hbox (badness 1365) in paragraph at lines 208--213
\T1/cmr/m/n/10 par-i-son uses MCMC-sampled pos-te-ri-ors (PyMC)
 []


Underfull \hbox (badness 3343) in paragraph at lines 208--213
\T1/cmr/m/n/10 scored by Pareto-smoothed importance-sampling
 []


Underfull \vbox (badness 3291) has occurred while \output is active []

 [5 <./figures//fig00_framework_overview.png>]
Underfull \hbox (badness 1052) in paragraph at lines 214--219
\OML/cmm/m/it/10 ^^[[]\OT1/cmr/m/n/10 ([]) + \OML/cmm/m/it/10 k\OT1/cmr/m/n/10 
([]) \OML/cmm/m/it/10 d[]$ \T1/cmr/m/n/10 span-ning composition-
 []

[6]
Underfull \hbox (badness 3058) in paragraph at lines 252--253
[]\T1/cmr/bx/n/10 Leave-one-out (LOO)\T1/cmr/m/n/10 : hold out one al-
 []

[7]
<figures//fig01_hall_petch.png, id=326, 1156.32pt x 505.89pt>
File: figures//fig01_hall_petch.png Graphic file (type png)
<use figures//fig01_hall_petch.png>
Package pdftex.def Info: figures//fig01_hall_petch.png  used on input line 286.

(pdftex.def)             Requested size: 469.0pt x 205.18536pt.
 [8]
Underfull \vbox (badness 2359) has occurred while \output is active []

 [9 <./figures//fig01_hall_petch.png>]

LaTeX Warning: Reference `sec:tier5' on page 10 undefined on input line 317.


Underfull \hbox (badness 1024) in paragraph at lines 315--318
\OML/cmm/m/it/10 d[]$\T1/cmr/m/n/10 ) takes rank #1 in the $[][]$-augmented
 []


Overfull \hbox (46.31476pt too wide) in paragraph at lines 329--343
 [][] 
 []

<figures//fig_misfit_scatter.png, id=352, 913.4125pt x 692.5875pt>
File: figures//fig_misfit_scatter.png Graphic file (type png)
<use figures//fig_misfit_scatter.png>
Package pdftex.def Info: figures//fig_misfit_scatter.png  used on input line 34
7.
(pdftex.def)             Requested size: 229.5pt x 174.01302pt.
<figures//fig_comp_hp_models_ab.png, id=353, 2132.96875pt x 1197.47375pt>
File: figures//fig_comp_hp_models_ab.png Graphic file (type png)
<use figures//fig_comp_hp_models_ab.png>
Package pdftex.def Info: figures//fig_comp_hp_models_ab.png  used on input line
 354.
(pdftex.def)             Requested size: 469.0pt x 263.29886pt.

Underfull \hbox (badness 1264) in paragraph at lines 359--359
[]\T1/cmr/bx/n/12 Tier 4 --- non-linear flex-i-bil-ity
 []

[10]
<figures//fair_comparison_LOBO_heatmap.png, id=362, 1148.1294pt x 494.8086pt>
File: figures//fair_comparison_LOBO_heatmap.png Graphic file (type png)
<use figures//fair_comparison_LOBO_heatmap.png>
Package pdftex.def Info: figures//fair_comparison_LOBO_heatmap.png  used on inp
ut line 375.
(pdftex.def)             Requested size: 229.5pt x 98.9071pt.

Underfull \vbox (badness 10000) has occurred while \output is active []



LaTeX Warning: Reference `sec:tier3' on page 11 undefined on input line 393.


Overfull \hbox (9.70804pt too wide) detected at line 408
[][]\OML/cmm/m/it/10 ^^[[] \OT1/cmr/m/n/10 = 4806 [] + 9187 [] + 6111 (\OML/cmm
/m/it/10 ^^[[] \OMS/cmsy/m/n/10 ^^@ \OT1/cmr/m/n/10 ^^H[]) \OMS/cmsy/m/n/10 ^^@
 \OT1/cmr/m/n/10 110\OML/cmm/m/it/10 :\OT1/cmr/m/n/10 4\OML/cmm/m/it/10 ;
 []

[11 <./figures//fig_misfit_scatter.png>]
Underfull \hbox (badness 1308) in paragraph at lines 417--422
\T1/cmr/m/n/10 with three fit-ted constants---survives re-fit cross-
 []

[12 <./figures//fig_comp_hp_models_ab.png>]
<figures//fig08_pysr_pareto.png, id=380, 722.7pt x 433.62pt>
File: figures//fig08_pysr_pareto.png Graphic file (type png)
<use figures//fig08_pysr_pareto.png>
Package pdftex.def Info: figures//fig08_pysr_pareto.png  used on input line 425
.
(pdftex.def)             Requested size: 229.5pt x 137.69597pt.
<figures//fig_external_ab.png, id=383, 2573.615pt x 1198.4775pt>
File: figures//fig_external_ab.png Graphic file (type png)
<use figures//fig_external_ab.png>
Package pdftex.def Info: figures//fig_external_ab.png  used on input line 432.
(pdftex.def)             Requested size: 469.0pt x 218.38658pt.

Underfull \vbox (badness 4108) has occurred while \output is active []

 [13 <./figures//fair_comparison_LOBO_heatmap.png> <./figures//fig08_pysr_paret
o.png>]
Underfull \hbox (badness 10000) in paragraph at lines 454--454
[]\T1/cmr/bx/n/12 Hardness--strength cor-re-spon-
 []

[14 <./figures//fig_external_ab.png>]
<figures//fig09_tabor_relation.png, id=421, 857.1222pt x 712.5822pt>
File: figures//fig09_tabor_relation.png Graphic file (type png)
<use figures//fig09_tabor_relation.png>
Package pdftex.def Info: figures//fig09_tabor_relation.png  used on input line 
469.
(pdftex.def)             Requested size: 469.0pt x 389.92076pt.

Underfull \hbox (badness 2285) in paragraph at lines 474--474
[]\T1/cmr/bx/n/12 Deployment-aware model se-lec-
 []


Overfull \hbox (47.43436pt too wide) in paragraph at lines 488--506
 [][] 
 []


Overfull \hbox (11.30151pt too wide) in paragraph at lines 522--534
 [][] 
 []

[15]
Underfull \hbox (badness 10000) in paragraph at lines 556--556
[]\T1/cmr/bx/n/12 Four fail-ure modes, four
 []


Underfull \vbox (badness 10000) has occurred while \output is active []

 [16]

Package hyperref Warning: Token not allowed in a PDF string (Unicode):
(hyperref)                removing `math shift' on input line 565.


Package hyperref Warning: Token not allowed in a PDF string (Unicode):
(hyperref)                removing `\sigma' on input line 565.


Package hyperref Warning: Token not allowed in a PDF string (Unicode):
(hyperref)                removing `subscript' on input line 565.


Package hyperref Warning: Token not allowed in a PDF string (Unicode):
(hyperref)                removing `math shift' on input line 565.


Package hyperref Warning: Token not allowed in a PDF string (Unicode):
(hyperref)                removing `math shift' on input line 565.


Package hyperref Warning: Token not allowed in a PDF string (Unicode):
(hyperref)                removing `subscript' on input line 565.


Package hyperref Warning: Token not allowed in a PDF string (Unicode):
(hyperref)                removing `math shift' on input line 565.


Underfull \vbox (badness 10000) has occurred while \output is active []

 [17]
Underfull \vbox (badness 10000) has occurred while \output is active []

 [18]
Underfull \hbox (badness 1490) in paragraph at lines 624--627
[]\T1/cmr/m/n/10 The demon-strated pay-off runs in both di-rec-
 []


Underfull \hbox (badness 2460) in paragraph at lines 624--627
\OT1/cmr/m/n/10 0\OML/cmm/m/it/10 :\OT1/cmr/m/n/10 765$ \T1/cmr/m/n/10 and LOBO
 $\OML/cmm/m/it/10 R[] \OT1/cmr/m/n/10 = 0\OML/cmm/m/it/10 :\OT1/cmr/m/n/10 668
$\T1/cmr/m/n/10 , the Bayesian
 []


Underfull \vbox (badness 10000) has occurred while \output is active []

LaTeX Font Info:    Trying to load font information for T1+cmtt on input line 6
66.

(/usr/share/texlive/texmf-dist/tex/latex/base/t1cmtt.fd
File: t1cmtt.fd 2019/12/16 v2.5j Standard LaTeX font definitions
)
Underfull \hbox (badness 5771) in paragraph at lines 663--668
\T1/cmr/m/n/10 All anal-y-sis code, de-rived data, and figure-
 []


Underfull \hbox (badness 1546) in paragraph at lines 663--668
\T1/cmr/m/n/10 generation scripts are avail-able in the com-pan-
 []


Underfull \hbox (badness 5908) in paragraph at lines 663--668
\T1/cmr/m/n/10 ion repos-i-tory [TODO(submission): repos-i-tory
 []

(./main.bbl [19]
Underfull \hbox (badness 2205) in paragraph at lines 40--51
\T1/cmr/m/n/10 Voigt, Lind-sey Kuet-tner, Bran-den Kappes,
 []


Underfull \hbox (badness 10000) in paragraph at lines 40--51
\T1/cmr/m/n/10 Skokan, Vahid At-tari, Michael Elverud,
 []


Underfull \hbox (badness 1502) in paragraph at lines 40--51
\T1/cmr/m/n/10 ac-cel-er-ated ma-te-ri-als dis-cov-ery.  \T1/cmr/m/it/10 In-te-
grat-ing
 []


Underfull \hbox (badness 10000) in paragraph at lines 40--51
\T1/cmr/m/it/10 Ma-te-ri-als and Man-u-fac-tur-ing In-no-va-tion\T1/cmr/m/n/10 
,
 []


Underfull \hbox (badness 1057) in paragraph at lines 53--61
\T1/cmr/m/n/10 Hast-ings, Wenle Xu, Daniel Salas, Joy-deep
 []


Underfull \hbox (badness 1776) in paragraph at lines 53--61
\T1/cmr/m/n/10 Kundu, Vas-anth C. Shun-mu-gasamy, Daniel
 []


Underfull \hbox (badness 1205) in paragraph at lines 90--94
[]\T1/cmr/m/n/10 F. Otto, A. Dlouhý, Ch. Som-sen, H. Bei,
 []


Underfull \hbox (badness 1173) in paragraph at lines 96--101
[]\T1/cmr/m/n/10 S. Yoshida, T. Bhat-tachar-jee, Y. Bai, and
 []

[20]
Underfull \hbox (badness 3302) in paragraph at lines 120--125
\T1/cmr/m/n/10 tachar-jee, Yu Bai, Aki-nobu Shi-bata, and
 []


Underfull \hbox (badness 1014) in paragraph at lines 160--164
[]\T1/cmr/m/n/10 Franco Moitzi, Lorenz Ro-maner, An-drei V.
 []


Underfull \hbox (badness 4072) in paragraph at lines 171--175
[]\T1/cmr/m/n/10 X. Yang and Y. Zhang.  Pre-dic-tion of
 []


Underfull \hbox (badness 1742) in paragraph at lines 177--181
\T1/cmr/m/it/10 Jour-nal of Ap-plied Physics\T1/cmr/m/n/10 , 109(10):103505,
 []


Underfull \hbox (badness 2119) in paragraph at lines 201--206
[]\T1/cmr/m/n/10 Cheng Wen, Changxin Wang, Yan Zhang,
 []

[21]
Underfull \hbox (badness 1205) in paragraph at lines 208--211
[]\T1/cmr/m/n/10 W. Huang, P. Mar-tin, and H. L. Zhuang.
 []


Underfull \hbox (badness 3557) in paragraph at lines 208--211
\T1/cmr/m/n/10 Machine-learning phase pre-dic-tion of high-
 []


Underfull \hbox (badness 4036) in paragraph at lines 240--244
[]\T1/cmr/m/n/10 Xianglin Liu, Ji-axin Zhang, and Zon-grui
 []

[22]
Underfull \hbox (badness 2837) in paragraph at lines 326--331
\T1/cmr/m/n/10 Bryce Meredig, and Arthur Mar.  High-
 []


Underfull \hbox (badness 1314) in paragraph at lines 346--351
\T1/cmr/m/n/10 en-ing due to grain bound-aries and an-neal-
 []


Underfull \hbox (badness 1077) in paragraph at lines 400--404
[]\T1/cmr/m/n/10 Yuntian Zhu and Xi-aolei Wu.  Per-spec-tive
 []


Underfull \hbox (badness 1281) in paragraph at lines 417--422
[]\T1/cmr/m/n/10 G. Bracq, M. Laurent-Brocq, C. Var-venne,
 []

[23]) [24

] [25 <./figures//fig09_tabor_relation.png>] (./main.aux)

LaTeX Warning: There were undefined references.


LaTeX Warning: Label(s) may have changed. Rerun to get cross-references right.


Package rerunfilecheck Warning: File `main.out' has changed.
(rerunfilecheck)                Rerun to get outlines right
(rerunfilecheck)                or use package `bookmark'.

Package rerunfilecheck Info: Checksums for `main.out':
(rerunfilecheck)             Before: E5D25F0BD559DFB84D8FD06C5709D6DF;6054
(rerunfilecheck)             After:  8515E121F3751A9B77B28A5FC07C0B8D;6054.
 ) 
Here is how much of TeX's memory you used:
 10803 strings out of 480247
 165335 string characters out of 5896152
 466827 words of memory out of 5000000
 28414 multiletter control sequences out of 15000+600000
 490385 words of font info for 78 fonts, out of 8000000 for 9000
 14 hyphenation exceptions out of 8191
 60i,14n,63p,2368b,444s stack positions out of 5000i,500n,10000p,200000b,80000s
 </sessions/epic-beautiful-pascal/.texlive2021/texmf-var/fonts/pk/ljfour/jkna
ppen/ec/ectt1000.600pk> </sessions/epic-beautiful-pascal/.texlive2021/texmf-var
/fonts/pk/ljfour/jknappen/ec/ecbx0800.600pk> </sessions/epic-beautiful-pascal/.
texlive2021/texmf-var/fonts/pk/ljfour/jknappen/ec/ecrm0800.600pk> </sessions/ep
ic-beautiful-pascal/.texlive2021/texmf-var/fonts/pk/ljfour/jknappen/ec/ecbx1000
.600pk> </sessions/epic-beautiful-pascal/.texlive2021/texmf-var/fonts/pk/ljfour
/jknappen/ec/ecrm0500.600pk> </sessions/epic-beautiful-pascal/.texlive2021/texm
f-var/fonts/pk/ljfour/jknappen/ec/ecbx1200.600pk> </sessions/epic-beautiful-pas
cal/.texlive2021/texmf-var/fonts/pk/ljfour/jknappen/ec/ecrm0700.600pk> </sessio
ns/epic-beautiful-pascal/.texlive2021/texmf-var/fonts/pk/ljfour/jknappen/ec/ect
i1000.600pk> </sessions/epic-beautiful-pascal/.texlive2021/texmf-var/fonts/pk/l
jfour/jknappen/ec/ecbx1440.600pk> </sessions/epic-beautiful-pascal/.texlive2021
/texmf-var/fonts/pk/ljfour/jknappen/ec/ecrm1200.600pk> </sessions/epic-beautifu
l-pascal/.texlive2021/texmf-var/fonts/pk/ljfour/jknappen/ec/ecrm1728.600pk> </s
essions/epic-beautiful-pascal/.texlive2021/texmf-var/fonts/pk/ljfour/jknappen/e
c/ecrm1000.600pk> </sessions/epic-beautiful-pascal/.texlive2021/texmf-var/fonts
/pk/ljfour/jknappen/ec/ecrm0600.600pk> </sessions/epic-beautiful-pascal/.texliv
e2021/texmf-var/fonts/pk/ljfour/jknappen/ec/ecti0900.600pk> </sessions/epic-bea
utiful-pascal/.texlive2021/texmf-var/fonts/pk/ljfour/jknappen/ec/ecrm0900.600pk
> </sessions/epic-beautiful-pascal/.texlive2021/texmf-var/fonts/pk/ljfour/jknap
pen/ec/ecbx0900.600pk></usr/share/texlive/texmf-dist/fonts/type1/public/amsfont
s/cm/cmex10.pfb></usr/share/texlive/texmf-dist/fonts/type1/public/amsfonts/cm/c
mmi10.pfb></usr/share/texlive/texmf-dist/fonts/type1/public/amsfonts/cm/cmmi12.
pfb></usr/share/texlive/texmf-dist/fonts/type1/public/amsfonts/cm/cmmi6.pfb></u
sr/share/texlive/texmf-dist/fonts/type1/public/amsfonts/cm/cmmi7.pfb></usr/shar
e/texlive/texmf-dist/fonts/type1/public/amsfonts/cm/cmmi8.pfb></usr/share/texli
ve/texmf-dist/fonts/type1/public/amsfonts/cm/cmmi9.pfb></usr/share/texlive/texm
f-dist/fonts/type1/public/amsfonts/cm/cmr10.pfb></usr/share/texlive/texmf-dist/
fonts/type1/public/amsfonts/cm/cmr6.pfb></usr/share/texlive/texmf-dist/fonts/ty
pe1/public/amsfonts/cm/cmr7.pfb></usr/share/texlive/texmf-dist/fonts/type1/publ
ic/amsfonts/cm/cmr8.pfb></usr/share/texlive/texmf-dist/fonts/type1/public/amsfo
nts/cm/cmr9.pfb></usr/share/texlive/texmf-dist/fonts/type1/public/amsfonts/cm/c
msy10.pfb></usr/share/texlive/texmf-dist/fonts/type1/public/amsfonts/cm/cmsy6.p
fb></usr/share/texlive/texmf-dist/fonts/type1/public/amsfonts/cm/cmsy7.pfb></us
r/share/texlive/texmf-dist/fonts/type1/public/amsfonts/cm/cmsy9.pfb></usr/share
/texlive/texmf-dist/fonts/type1/public/amsfonts/symbols/msam10.pfb>
Output written on main.pdf (25 pages, 1579804 bytes).
PDF statistics:
 1222 PDF objects out of 1440 (max. 8388607)
 573 compressed objects within 6 object streams
 152 named destinations out of 1000 (max. 500000)
 233 words of extra memory for PDF output out of 10000 (max. 10000000)

